  *******************************************
  *                                         *
  *        W E L C O M E  to  R O O T       *
  *                                         *
  *   Version   5.26/00  14 December 2009   *
  *                                         *
  *  You are welcome to visit our Web site  *
  *          http://root.cern.ch            *
  *                                         *
  *******************************************

ROOT 5.26/00 (trunk@31882, Dec 14 2009, 20:18:36 on linux)

CINT/ROOT C/C++ Interpreter version 5.17.00, Dec 21, 2008
Type ? for help. Commands must be C++ statements.
Enclose multiple statements between { }.
Note: File "iostream" already loaded
Loading /cdf/home/samantha/samantha/PhoFlat/rootlogon.C

Processing RunMyJob.C(0,6)...
events, dataset = 0,6
Info in <TUnixSystem::ACLiC>: creating shared library /cdf/home/samantha/samantha/PhoFlat/PhotonJets_cc.so
/cdf/home/samantha/samantha/PhoFlat/PhotonJets.cc: In member function ‘void PhotonJets::Init(TChain*)’:
/cdf/home/samantha/samantha/PhoFlat/PhotonJets.cc:767: warning: comparison between signed and unsigned integer expressions
/cdf/home/samantha/samantha/PhoFlat/PhotonJets.cc:480: warning: unused variable ‘hist’
/cdf/home/samantha/samantha/PhoFlat/PhotonJets.cc: In member function ‘void PhotonJets::Main(TChain*, int)’:
/cdf/home/samantha/samantha/PhoFlat/PhotonJets.cc:837: warning: comparison between signed and unsigned integer expressions
/cdf/home/samantha/samantha/PhoFlat/PhotonJets.cc: In member function ‘void PhotonJets::DoMyStuff(CommonVars, PhotonList, PhotonList, PhotonList, ElectronList, ElectronList, ElectronList, JetList, JetList, JetList)’:
/cdf/home/samantha/samantha/PhoFlat/PhotonJets.cc:2993: warning: unused variable ‘fPhoEt’
/cdf/home/samantha/samantha/PhoFlat/PhotonJets.cc: At global scope:
/cdf/home/samantha/samantha/PhoFlat/PhotonJets.cc:3198: warning: unused parameter ‘Vars’
/cdf/home/samantha/samantha/PhoFlat/PhotonJets.cc:3198: warning: unused parameter ‘eles’
/cdf/home/samantha/samantha/PhoFlat/PhotonJets.cc:3198: warning: unused parameter ‘jets’
/cdf/home/samantha/samantha/PhoFlat/PhotonJets.cc:3231: warning: unused parameter ‘Vars’
/cdf/home/samantha/samantha/PhoFlat/PhotonJets.cc:3231: warning: unused parameter ‘eles’
/cdf/home/samantha/samantha/PhoFlat/PhotonJets.cc:3231: warning: unused parameter ‘jets’
/cdf/home/samantha/samantha/PhoFlat/PhotonJets.cc: In member function ‘int PhotonJets::JetSelAndHistFill(CommonVars, PhotonList, ElectronList, JetList, PhotonJets::Hist_t*, std::vector<int, std::allocator<int> >, std::vector<int, std::allocator<int> >, std::vector<unsigned int, std::allocator<unsigned int> >&, bool, float, bool, bool)’:
/cdf/home/samantha/samantha/PhoFlat/PhotonJets.cc:3361: warning: unused variable ‘wtemp’
/cdf/home/samantha/samantha/PhoFlat/PhotonJets.cc: At global scope:
/cdf/home/samantha/samantha/PhoFlat/PhotonJets.cc:3272: warning: unused parameter ‘vEleIndex’
/cdf/home/samantha/samantha/PhoFlat/PhotonJets.cc:3415: warning: unused parameter ‘phos’
/cdf/home/samantha/samantha/PhoFlat/PhotonJets.cc:3415: warning: unused parameter ‘eles’
/cdf/home/samantha/samantha/PhoFlat/PhotonJets.cc:3415: warning: unused parameter ‘iPhoIndex’
/cdf/home/samantha/samantha/PhoFlat/PhotonJets.cc: In member function ‘void PhotonJets::FillPhotonHists(const CommonVars&, const PhotonList&, Histograms::PhotonHists_t*, int, float, bool)’:
/cdf/home/samantha/samantha/PhoFlat/PhotonJets.cc:3514: warning: comparison between signed and unsigned integer expressions
/cdf/home/samantha/samantha/PhoFlat/PhotonJets.cc: In member function ‘void PhotonJets::FillPhoton1JetHists(const CommonVars&, const PhotonList&, const JetList&, Histograms::Photon1JetHists_t*, int, int, float)’:
/cdf/home/samantha/samantha/PhoFlat/PhotonJets.cc:3632: warning: unused variable ‘JetEmFr’
/cdf/home/samantha/samantha/PhoFlat/PhotonJets.cc: At global scope:
/cdf/home/samantha/samantha/PhoFlat/PhotonJets.cc:3683: warning: unused parameter ‘cVars’
/cdf/home/samantha/samantha/PhoFlat/PhotonJets.cc:3704: warning: unused parameter ‘cVars’
/cdf/home/samantha/samantha/PhoFlat/PhotonJets.cc: In member function ‘double PhotonJets::GetJetEtaWeight(float, float)’:
/cdf/home/samantha/samantha/PhoFlat/PhotonJets.cc:4071: warning: unused variable ‘y’
/cdf/home/samantha/samantha/PhoFlat/PhotonJets.cc: At global scope:
/cdf/home/samantha/samantha/PhoFlat/PhotonJets.cc:4224: warning: unused parameter ‘jets’
/cdf/home/samantha/samantha/PhoFlat/PhotonJets.cc: In member function ‘bool PhotonJets::BadMet(const CommonVars&, const PhotonList&, const JetList&, int, int, TH1*, TH1*)’:
/cdf/home/samantha/samantha/PhoFlat/PhotonJets.cc:4268: warning: comparison between signed and unsigned integer expressions
/cdf/home/samantha/samantha/PhoFlat/PhotonJets.cc:4261: warning: unused variable ‘fDelPhiCut’
/cdf/home/samantha/samantha/PhoFlat/PhotonJets.cc: At global scope:
/cdf/home/samantha/samantha/PhoFlat/PhotonJets.cc:4249: warning: unused parameter ‘iJetIndex’
/cdf/home/samantha/samantha/PhoFlat/PhotonJets.cc: In member function ‘float PhotonJets::GetDATAMCNvtxWgt(int)’:
/cdf/home/samantha/samantha/PhoFlat/PhotonJets.cc:4304: warning: comparison between signed and unsigned integer expressions
/cdf/home/samantha/samantha/PhoFlat/PhotonJets.cc: In member function ‘void PhotonJets::CheckObjOverlap(const CommonVars&, const PhotonList&, const ElectronList&, const JetList&)’:
/cdf/home/samantha/samantha/PhoFlat/PhotonJets.cc:4364: warning: comparison between signed and unsigned integer expressions
/cdf/home/samantha/samantha/PhoFlat/PhotonJets.cc:4368: warning: comparison between signed and unsigned integer expressions
/cdf/home/samantha/samantha/PhoFlat/PhotonJets.cc:4382: warning: comparison between signed and unsigned integer expressions
/cdf/home/samantha/samantha/PhoFlat/PhotonJets.cc: In member function ‘void PhotonJets::CheckJetTowers(const CommonVars&, const JetList&)’:
/cdf/home/samantha/samantha/PhoFlat/PhotonJets.cc:4396: warning: comparison between signed and unsigned integer expressions
/cdf/home/samantha/samantha/PhoFlat/PhotonJets.cc: In member function ‘int PhotonJets::FoundPartialJet(const CommonVars&, const PhotonList&, const ElectronList&, const JetList&)’:
/cdf/home/samantha/samantha/PhoFlat/PhotonJets.cc:4413: warning: comparison between signed and unsigned integer expressions
/cdf/home/samantha/samantha/PhoFlat/PhotonJets.cc:4415: warning: comparison between signed and unsigned integer expressions
/cdf/home/samantha/samantha/PhoFlat/PhotonJets.cc:4425: warning: comparison between signed and unsigned integer expressions
/cdf/home/samantha/samantha/PhoFlat/PhotonJets.cc: At global scope:
/cdf/home/samantha/samantha/PhoFlat/PhotonJets.cc:4411: warning: unused parameter ‘cvars’
/cdf/home/samantha/samantha/PhoFlat/PhotonJets.cc: In member function ‘bool PhotonJets::ExoticEvent(const Stuple&)’:
/cdf/home/samantha/samantha/PhoFlat/PhotonJets.cc:4443: warning: comparison between signed and unsigned integer expressions
Info in <TUnixSystem::ACLiC>: creating shared library /cdf/home/samantha/samantha/PhoFlat/DoRunMyJob_cc.so
OUT_FILE = PhoJets_wenmc_MetCleaned.root
[34m
Using V7 WEN MC
Attached data file: TFile: name=/cdf/home/samantha/STUPLES2/StupleV7_MCPythia_Wen_we0seh_NoJetVtxCuts.root, title=chain files, option=READ
Attached data file: TFile: name=/cdf/home/samantha/STUPLES2/StupleV7_MCPythia_Wen_we0sej_NoJetVtxCuts.root, title=chain files, option=READ
Attached data file: TFile: name=/cdf/home/samantha/STUPLES2/StupleV7_MCPythia_Wen_we0sfe_NoJetVtxCuts.root, title=, option=READ
Attached data file: TFile: name=/cdf/home/samantha/STUPLES2/StupleV7_MCPythia_Wen_we0sge_NoJetVtxCuts.root, title=chain files, option=READ
Attached data file: TFile: name=/cdf/home/samantha/STUPLES2/StupleV7_MCPythia_Wen_we0sge_NoJetVtxCuts_1.root, title=chain files, option=READ
Attached data file: TFile: name=/cdf/home/samantha/STUPLES2/StupleV7_MCPythia_Wen_we0she_NoJetVtxCuts.root, title=chain files, option=READ
Attached data file: TFile: name=/cdf/home/samantha/STUPLES2/StupleV7_MCPythia_Wen_we0sie_NoJetVtxCuts.root, title=chain files, option=READ
/cdf/home/samantha/samantha/PhoFlat/DoRunMyJob.cc: Total Entries in chain = 11625289[0m
ADD_ISO_2_SIDEBAND = 0
REWGT_SIDEBAND = 0
iUseNvtxWgts = 1
Setting from hh = 1
Enabling Central Photons Read-in.
Enabling EM UP Photons Read-in.
Enabling EM DOWN Photons Read-in.
Enabling Central Electrons Read-in.
Enabling EM UP Electrons Read-in.
Enabling EM Down Electrons Read-in.
Enabling Central Jets to Read-in.
Enabling JES Up Jets to Read-in.
Enabling JES Down Jets to Read-in.
Enabling MET to Read-in.
pho_num status=1
pho_up_num status=1
pho_down_num status=1
[32m======= Nvtx weights ===========
Nvtx 1 = 0.531763
Nvtx 2 = 1.09089
Nvtx 3 = 2.01056
Nvtx 4 = 3.42637
Nvtx 5 = 4.65062
Nvtx 6 = 8.09207
Nvtx 7 = 32.3683
================================[0m
PhoJets_wenmc_MetCleaned.root:/Hist
[33m******* Job Settings ***********
Data Written to        = PhoJets_wenmc_MetCleaned.root
Add Iso4(2) to QCD Pho = 0 (NO)
Reweight Sideband Pho  = 0 (NO)
MC Flag setting        = MC
min,max Vtx for Signal =    1,  100
Min,max njet15         =    1,  100
Photon Et(min,max)     =   30,  1200
Photon Eta(max)        =  1.1
Jet Et(min,max)        =   15, 1200
Jet Eta (min,max)      =   -3,    3
Signal Time Window     = -4.8,  4.8
Cosmic Time Window     =   30,   90
Halo Type              =    5
Min/max MEt            =    0, 1500
MEt cleanup cuts?      =    1 (1=YES)
Nvtx setting           = 1
Nvtx Weighting?        = CENTRAL WEIGHTS
PrintLevel             =    6
********************************[0m
 ==> Entries found :: 11625289
Init done. Ready, Set , GO... 
[32mOpening file /cdf/home/samantha/STUPLES2/StupleV7_MCPythia_Wen_we0seh_NoJetVtxCuts.root[0m
50000	 events processed [0%] looptimer : Real Time =  10.20 seconds Cpu Time =   9.67 seconds
100000	 events processed [0%] looptimer : Real Time =  19.65 seconds Cpu Time =  18.79 seconds
150000	 events processed [1%] looptimer : Real Time =  29.07 seconds Cpu Time =  27.95 seconds
200000	 events processed [1%] looptimer : Real Time =  39.34 seconds Cpu Time =  37.79 seconds
250000	 events processed [2%] looptimer : Real Time =  49.46 seconds Cpu Time =  47.56 seconds
300000	 events processed [2%] looptimer : Real Time =  59.46 seconds Cpu Time =  57.12 seconds
350000	 events processed [3%] looptimer : Real Time =  70.72 seconds Cpu Time =  67.98 seconds
400000	 events processed [3%] looptimer : Real Time =  84.01 seconds Cpu Time =  80.77 seconds
450000	 events processed [3%] looptimer : Real Time =  96.57 seconds Cpu Time =  92.84 seconds
500000	 events processed [4%] looptimer : Real Time = 111.83 seconds Cpu Time = 107.15 seconds
[32mOpening file /cdf/home/samantha/STUPLES2/StupleV7_MCPythia_Wen_we0sej_NoJetVtxCuts.root[0m
550000	 events processed [4%] looptimer : Real Time = 126.88 seconds Cpu Time = 121.39 seconds
600000	 events processed [5%] looptimer : Real Time = 140.50 seconds Cpu Time = 134.28 seconds
650000	 events processed [5%] looptimer : Real Time = 152.70 seconds Cpu Time = 146.07 seconds
700000	 events processed [6%] looptimer : Real Time = 163.50 seconds Cpu Time = 156.57 seconds
750000	 events processed [6%] looptimer : Real Time = 173.74 seconds Cpu Time = 166.56 seconds
800000	 events processed [6%] looptimer : Real Time = 184.22 seconds Cpu Time = 176.67 seconds
850000	 events processed [7%] looptimer : Real Time = 194.49 seconds Cpu Time = 186.64 seconds
900000	 events processed [7%] looptimer : Real Time = 204.71 seconds Cpu Time = 196.39 seconds
950000	 events processed [8%] looptimer : Real Time = 215.95 seconds Cpu Time = 207.33 seconds
1000000	 events processed [8%] looptimer : Real Time = 228.10 seconds Cpu Time = 218.96 seconds
1050000	 events processed [9%] looptimer : Real Time = 239.84 seconds Cpu Time = 230.24 seconds
1100000	 events processed [9%] looptimer : Real Time = 250.92 seconds Cpu Time = 241.05 seconds
1150000	 events processed [9%] looptimer : Real Time = 262.63 seconds Cpu Time = 252.26 seconds
1200000	 events processed [10%] looptimer : Real Time = 275.91 seconds Cpu Time = 265.09 seconds
1250000	 events processed [10%] looptimer : Real Time = 290.02 seconds Cpu Time = 278.91 seconds
1300000	 events processed [11%] looptimer : Real Time = 305.05 seconds Cpu Time = 293.04 seconds
1350000	 events processed [11%] looptimer : Real Time = 318.30 seconds Cpu Time = 305.89 seconds
1400000	 events processed [12%] looptimer : Real Time = 332.09 seconds Cpu Time = 318.81 seconds
1450000	 events processed [12%] looptimer : Real Time = 347.88 seconds Cpu Time = 332.79 seconds
1500000	 events processed [12%] looptimer : Real Time = 362.10 seconds Cpu Time = 345.50 seconds
[32mOpening file /cdf/home/samantha/STUPLES2/StupleV7_MCPythia_Wen_we0sfe_NoJetVtxCuts.root[0m
1550000	 events processed [13%] looptimer : Real Time = 383.84 seconds Cpu Time = 362.60 seconds
1600000	 events processed [13%] looptimer : Real Time = 400.82 seconds Cpu Time = 378.89 seconds
1650000	 events processed [14%] looptimer : Real Time = 414.48 seconds Cpu Time = 392.43 seconds
1700000	 events processed [14%] looptimer : Real Time = 422.57 seconds Cpu Time = 400.50 seconds
1750000	 events processed [15%] looptimer : Real Time = 432.70 seconds Cpu Time = 410.46 seconds
1800000	 events processed [15%] looptimer : Real Time = 443.21 seconds Cpu Time = 420.87 seconds
1850000	 events processed [15%] looptimer : Real Time = 454.10 seconds Cpu Time = 430.70 seconds
1900000	 events processed [16%] looptimer : Real Time = 464.93 seconds Cpu Time = 441.38 seconds
1950000	 events processed [16%] looptimer : Real Time = 474.83 seconds Cpu Time = 450.94 seconds
2000000	 events processed [17%] looptimer : Real Time = 485.15 seconds Cpu Time = 460.66 seconds
2050000	 events processed [17%] looptimer : Real Time = 495.10 seconds Cpu Time = 470.53 seconds
2100000	 events processed [18%] looptimer : Real Time = 505.13 seconds Cpu Time = 480.29 seconds
2150000	 events processed [18%] looptimer : Real Time = 514.91 seconds Cpu Time = 489.96 seconds
2200000	 events processed [18%] looptimer : Real Time = 524.94 seconds Cpu Time = 499.80 seconds
2250000	 events processed [19%] looptimer : Real Time = 534.72 seconds Cpu Time = 509.51 seconds
2300000	 events processed [19%] looptimer : Real Time = 542.45 seconds Cpu Time = 517.21 seconds
2350000	 events processed [20%] looptimer : Real Time = 552.48 seconds Cpu Time = 526.97 seconds
2400000	 events processed [20%] looptimer : Real Time = 563.16 seconds Cpu Time = 536.94 seconds
2450000	 events processed [21%] looptimer : Real Time = 573.04 seconds Cpu Time = 546.65 seconds
2500000	 events processed [21%] looptimer : Real Time = 583.63 seconds Cpu Time = 556.49 seconds
2550000	 events processed [21%] looptimer : Real Time = 594.74 seconds Cpu Time = 567.52 seconds
2600000	 events processed [22%] looptimer : Real Time = 608.82 seconds Cpu Time = 580.80 seconds
2650000	 events processed [22%] looptimer : Real Time = 621.97 seconds Cpu Time = 593.75 seconds
2700000	 events processed [23%] looptimer : Real Time = 632.47 seconds Cpu Time = 603.62 seconds
2750000	 events processed [23%] looptimer : Real Time = 642.16 seconds Cpu Time = 613.20 seconds
2800000	 events processed [24%] looptimer : Real Time = 652.03 seconds Cpu Time = 622.74 seconds
2850000	 events processed [24%] looptimer : Real Time = 661.93 seconds Cpu Time = 632.47 seconds
2900000	 events processed [24%] looptimer : Real Time = 671.61 seconds Cpu Time = 641.99 seconds
2950000	 events processed [25%] looptimer : Real Time = 679.64 seconds Cpu Time = 650.00 seconds
3000000	 events processed [25%] looptimer : Real Time = 689.11 seconds Cpu Time = 659.34 seconds
3050000	 events processed [26%] looptimer : Real Time = 698.75 seconds Cpu Time = 668.85 seconds
3100000	 events processed [26%] looptimer : Real Time = 708.33 seconds Cpu Time = 678.34 seconds
3150000	 events processed [27%] looptimer : Real Time = 717.89 seconds Cpu Time = 687.77 seconds
3200000	 events processed [27%] looptimer : Real Time = 726.92 seconds Cpu Time = 696.65 seconds
3250000	 events processed [27%] looptimer : Real Time = 736.39 seconds Cpu Time = 706.01 seconds
3300000	 events processed [28%] looptimer : Real Time = 745.90 seconds Cpu Time = 715.40 seconds
3350000	 events processed [28%] looptimer : Real Time = 755.59 seconds Cpu Time = 725.01 seconds
3400000	 events processed [29%] looptimer : Real Time = 765.34 seconds Cpu Time = 734.62 seconds
3450000	 events processed [29%] looptimer : Real Time = 775.16 seconds Cpu Time = 744.34 seconds
3500000	 events processed [30%] looptimer : Real Time = 784.65 seconds Cpu Time = 753.73 seconds
3550000	 events processed [30%] looptimer : Real Time = 794.37 seconds Cpu Time = 763.34 seconds
3600000	 events processed [30%] looptimer : Real Time = 801.60 seconds Cpu Time = 770.56 seconds
3650000	 events processed [31%] looptimer : Real Time = 811.29 seconds Cpu Time = 780.09 seconds
[32mOpening file /cdf/home/samantha/STUPLES2/StupleV7_MCPythia_Wen_we0sge_NoJetVtxCuts.root[0m
3700000	 events processed [31%] looptimer : Real Time = 822.88 seconds Cpu Time = 791.16 seconds
3750000	 events processed [32%] looptimer : Real Time = 833.70 seconds Cpu Time = 801.64 seconds
3800000	 events processed [32%] looptimer : Real Time = 843.66 seconds Cpu Time = 811.29 seconds
3850000	 events processed [33%] looptimer : Real Time = 853.81 seconds Cpu Time = 821.13 seconds
3900000	 events processed [33%] looptimer : Real Time = 864.51 seconds Cpu Time = 831.32 seconds
3950000	 events processed [33%] looptimer : Real Time = 874.86 seconds Cpu Time = 841.37 seconds
4000000	 events processed [34%] looptimer : Real Time = 885.40 seconds Cpu Time = 851.54 seconds
4050000	 events processed [34%] looptimer : Real Time = 896.21 seconds Cpu Time = 861.93 seconds
4100000	 events processed [35%] looptimer : Real Time = 906.48 seconds Cpu Time = 871.90 seconds
4150000	 events processed [35%] looptimer : Real Time = 916.73 seconds Cpu Time = 881.81 seconds
4200000	 events processed [36%] looptimer : Real Time = 927.55 seconds Cpu Time = 892.12 seconds
4250000	 events processed [36%] looptimer : Real Time = 937.72 seconds Cpu Time = 902.02 seconds
4300000	 events processed [36%] looptimer : Real Time = 947.97 seconds Cpu Time = 912.01 seconds
4350000	 events processed [37%] looptimer : Real Time = 959.47 seconds Cpu Time = 922.91 seconds
4400000	 events processed [37%] looptimer : Real Time = 969.57 seconds Cpu Time = 932.77 seconds
4450000	 events processed [38%] looptimer : Real Time = 979.80 seconds Cpu Time = 942.70 seconds
4500000	 events processed [38%] looptimer : Real Time = 990.70 seconds Cpu Time = 953.06 seconds
4550000	 events processed [39%] looptimer : Real Time = 1000.70 seconds Cpu Time = 962.78 seconds
4600000	 events processed [39%] looptimer : Real Time = 1010.91 seconds Cpu Time = 972.64 seconds
4650000	 events processed [39%] looptimer : Real Time = 1022.21 seconds Cpu Time = 983.40 seconds
4700000	 events processed [40%] looptimer : Real Time = 1032.43 seconds Cpu Time = 993.35 seconds
4750000	 events processed [40%] looptimer : Real Time = 1042.89 seconds Cpu Time = 1003.54 seconds
4800000	 events processed [41%] looptimer : Real Time = 1053.85 seconds Cpu Time = 1014.01 seconds
4850000	 events processed [41%] looptimer : Real Time = 1063.96 seconds Cpu Time = 1023.84 seconds
4900000	 events processed [42%] looptimer : Real Time = 1074.44 seconds Cpu Time = 1033.92 seconds
4950000	 events processed [42%] looptimer : Real Time = 1084.73 seconds Cpu Time = 1043.93 seconds
5000000	 events processed [43%] looptimer : Real Time = 1094.77 seconds Cpu Time = 1053.63 seconds
5050000	 events processed [43%] looptimer : Real Time = 1105.32 seconds Cpu Time = 1063.71 seconds
5100000	 events processed [43%] looptimer : Real Time = 1115.37 seconds Cpu Time = 1073.47 seconds
5150000	 events processed [44%] looptimer : Real Time = 1125.29 seconds Cpu Time = 1083.13 seconds
5200000	 events processed [44%] looptimer : Real Time = 1136.29 seconds Cpu Time = 1093.75 seconds
5250000	 events processed [45%] looptimer : Real Time = 1146.71 seconds Cpu Time = 1103.87 seconds
5300000	 events processed [45%] looptimer : Real Time = 1156.96 seconds Cpu Time = 1113.86 seconds
5350000	 events processed [46%] looptimer : Real Time = 1167.85 seconds Cpu Time = 1124.32 seconds
5400000	 events processed [46%] looptimer : Real Time = 1178.01 seconds Cpu Time = 1134.19 seconds
5450000	 events processed [46%] looptimer : Real Time = 1189.22 seconds Cpu Time = 1144.90 seconds
5500000	 events processed [47%] looptimer : Real Time = 1199.23 seconds Cpu Time = 1154.62 seconds
5550000	 events processed [47%] looptimer : Real Time = 1209.62 seconds Cpu Time = 1164.68 seconds
5600000	 events processed [48%] looptimer : Real Time = 1220.14 seconds Cpu Time = 1174.70 seconds
5650000	 events processed [48%] looptimer : Real Time = 1230.33 seconds Cpu Time = 1184.48 seconds
5700000	 events processed [49%] looptimer : Real Time = 1240.50 seconds Cpu Time = 1194.17 seconds
5750000	 events processed [49%] looptimer : Real Time = 1251.80 seconds Cpu Time = 1204.98 seconds
5800000	 events processed [49%] looptimer : Real Time = 1262.19 seconds Cpu Time = 1214.91 seconds
5850000	 events processed [50%] looptimer : Real Time = 1272.44 seconds Cpu Time = 1224.77 seconds
5900000	 events processed [50%] looptimer : Real Time = 1283.29 seconds Cpu Time = 1235.07 seconds
5950000	 events processed [51%] looptimer : Real Time = 1293.73 seconds Cpu Time = 1245.22 seconds
6000000	 events processed [51%] looptimer : Real Time = 1304.73 seconds Cpu Time = 1255.77 seconds
6050000	 events processed [52%] looptimer : Real Time = 1315.01 seconds Cpu Time = 1265.70 seconds
6100000	 events processed [52%] looptimer : Real Time = 1325.67 seconds Cpu Time = 1276.10 seconds
6150000	 events processed [52%] looptimer : Real Time = 1336.63 seconds Cpu Time = 1286.54 seconds
6200000	 events processed [53%] looptimer : Real Time = 1346.77 seconds Cpu Time = 1296.28 seconds
6250000	 events processed [53%] looptimer : Real Time = 1357.33 seconds Cpu Time = 1306.48 seconds
6300000	 events processed [54%] looptimer : Real Time = 1368.52 seconds Cpu Time = 1317.28 seconds
6350000	 events processed [54%] looptimer : Real Time = 1379.21 seconds Cpu Time = 1327.53 seconds
6400000	 events processed [55%] looptimer : Real Time = 1389.90 seconds Cpu Time = 1337.93 seconds
6450000	 events processed [55%] looptimer : Real Time = 1400.78 seconds Cpu Time = 1348.25 seconds
6500000	 events processed [55%] looptimer : Real Time = 1411.14 seconds Cpu Time = 1358.23 seconds
6550000	 events processed [56%] looptimer : Real Time = 1422.25 seconds Cpu Time = 1368.65 seconds
6600000	 events processed [56%] looptimer : Real Time = 1432.75 seconds Cpu Time = 1378.74 seconds
6650000	 events processed [57%] looptimer : Real Time = 1442.96 seconds Cpu Time = 1388.62 seconds
6700000	 events processed [57%] looptimer : Real Time = 1454.06 seconds Cpu Time = 1399.15 seconds
6750000	 events processed [58%] looptimer : Real Time = 1464.65 seconds Cpu Time = 1409.41 seconds
6800000	 events processed [58%] looptimer : Real Time = 1475.08 seconds Cpu Time = 1419.53 seconds
6850000	 events processed [58%] looptimer : Real Time = 1485.44 seconds Cpu Time = 1429.49 seconds
[32mOpening file /cdf/home/samantha/STUPLES2/StupleV7_MCPythia_Wen_we0sge_NoJetVtxCuts_1.root[0m
6900000	 events processed [59%] looptimer : Real Time = 1496.02 seconds Cpu Time = 1439.55 seconds
6950000	 events processed [59%] looptimer : Real Time = 1506.88 seconds Cpu Time = 1449.88 seconds
7000000	 events processed [60%] looptimer : Real Time = 1516.95 seconds Cpu Time = 1459.69 seconds
7050000	 events processed [60%] looptimer : Real Time = 1526.72 seconds Cpu Time = 1469.14 seconds
7100000	 events processed [61%] looptimer : Real Time = 1537.19 seconds Cpu Time = 1479.22 seconds
7150000	 events processed [61%] looptimer : Real Time = 1547.03 seconds Cpu Time = 1488.78 seconds
7200000	 events processed [61%] looptimer : Real Time = 1556.93 seconds Cpu Time = 1498.41 seconds
7250000	 events processed [62%] looptimer : Real Time = 1567.62 seconds Cpu Time = 1508.58 seconds
7300000	 events processed [62%] looptimer : Real Time = 1577.53 seconds Cpu Time = 1518.22 seconds
7350000	 events processed [63%] looptimer : Real Time = 1588.03 seconds Cpu Time = 1528.33 seconds
7400000	 events processed [63%] looptimer : Real Time = 1597.67 seconds Cpu Time = 1537.73 seconds
7450000	 events processed [64%] looptimer : Real Time = 1607.56 seconds Cpu Time = 1547.30 seconds
7500000	 events processed [64%] looptimer : Real Time = 1617.92 seconds Cpu Time = 1557.23 seconds
7550000	 events processed [64%] looptimer : Real Time = 1627.54 seconds Cpu Time = 1566.57 seconds
7600000	 events processed [65%] looptimer : Real Time = 1636.85 seconds Cpu Time = 1575.66 seconds
7650000	 events processed [65%] looptimer : Real Time = 1647.73 seconds Cpu Time = 1586.01 seconds
[32mOpening file /cdf/home/samantha/STUPLES2/StupleV7_MCPythia_Wen_we0she_NoJetVtxCuts.root[0m
7700000	 events processed [66%] looptimer : Real Time = 1658.70 seconds Cpu Time = 1596.47 seconds
7750000	 events processed [66%] looptimer : Real Time = 1668.65 seconds Cpu Time = 1606.18 seconds
7800000	 events processed [67%] looptimer : Real Time = 1679.82 seconds Cpu Time = 1616.72 seconds
7850000	 events processed [67%] looptimer : Real Time = 1689.85 seconds Cpu Time = 1626.41 seconds
7900000	 events processed [67%] looptimer : Real Time = 1699.73 seconds Cpu Time = 1635.96 seconds
7950000	 events processed [68%] looptimer : Real Time = 1710.56 seconds Cpu Time = 1646.39 seconds
8000000	 events processed [68%] looptimer : Real Time = 1720.81 seconds Cpu Time = 1656.30 seconds
8050000	 events processed [69%] looptimer : Real Time = 1730.67 seconds Cpu Time = 1665.84 seconds
8100000	 events processed [69%] looptimer : Real Time = 1741.69 seconds Cpu Time = 1676.28 seconds
8150000	 events processed [70%] looptimer : Real Time = 1752.03 seconds Cpu Time = 1686.27 seconds
8200000	 events processed [70%] looptimer : Real Time = 1761.83 seconds Cpu Time = 1695.73 seconds
8250000	 events processed [70%] looptimer : Real Time = 1772.47 seconds Cpu Time = 1705.99 seconds
8300000	 events processed [71%] looptimer : Real Time = 1782.41 seconds Cpu Time = 1715.68 seconds
8350000	 events processed [71%] looptimer : Real Time = 1793.14 seconds Cpu Time = 1725.96 seconds
8400000	 events processed [72%] looptimer : Real Time = 1803.46 seconds Cpu Time = 1736.05 seconds
8450000	 events processed [72%] looptimer : Real Time = 1813.88 seconds Cpu Time = 1746.13 seconds
8500000	 events processed [73%] looptimer : Real Time = 1824.64 seconds Cpu Time = 1756.38 seconds
8550000	 events processed [73%] looptimer : Real Time = 1834.98 seconds Cpu Time = 1766.40 seconds
8600000	 events processed [73%] looptimer : Real Time = 1845.35 seconds Cpu Time = 1776.46 seconds
8650000	 events processed [74%] looptimer : Real Time = 1856.46 seconds Cpu Time = 1787.00 seconds
8700000	 events processed [74%] looptimer : Real Time = 1866.52 seconds Cpu Time = 1796.75 seconds
8750000	 events processed [75%] looptimer : Real Time = 1877.55 seconds Cpu Time = 1807.32 seconds
8800000	 events processed [75%] looptimer : Real Time = 1887.77 seconds Cpu Time = 1817.26 seconds
8850000	 events processed [76%] looptimer : Real Time = 1897.98 seconds Cpu Time = 1827.16 seconds
8900000	 events processed [76%] looptimer : Real Time = 1908.66 seconds Cpu Time = 1837.31 seconds
8950000	 events processed [76%] looptimer : Real Time = 1918.73 seconds Cpu Time = 1847.09 seconds
9000000	 events processed [77%] looptimer : Real Time = 1929.68 seconds Cpu Time = 1857.51 seconds
9050000	 events processed [77%] looptimer : Real Time = 1939.52 seconds Cpu Time = 1867.10 seconds
9100000	 events processed [78%] looptimer : Real Time = 1949.70 seconds Cpu Time = 1876.98 seconds
9150000	 events processed [78%] looptimer : Real Time = 1961.58 seconds Cpu Time = 1888.31 seconds
9200000	 events processed [79%] looptimer : Real Time = 1972.02 seconds Cpu Time = 1898.47 seconds
9250000	 events processed [79%] looptimer : Real Time = 1982.36 seconds Cpu Time = 1908.53 seconds
9300000	 events processed [79%] looptimer : Real Time = 1993.05 seconds Cpu Time = 1918.78 seconds
9350000	 events processed [80%] looptimer : Real Time = 2003.09 seconds Cpu Time = 1928.57 seconds
9400000	 events processed [80%] looptimer : Real Time = 2013.77 seconds Cpu Time = 1938.68 seconds
9450000	 events processed [81%] looptimer : Real Time = 2023.95 seconds Cpu Time = 1948.63 seconds
9500000	 events processed [81%] looptimer : Real Time = 2034.09 seconds Cpu Time = 1958.49 seconds
9550000	 events processed [82%] looptimer : Real Time = 2044.86 seconds Cpu Time = 1968.75 seconds
9600000	 events processed [82%] looptimer : Real Time = 2054.77 seconds Cpu Time = 1978.29 seconds
9650000	 events processed [83%] looptimer : Real Time = 2065.46 seconds Cpu Time = 1988.60 seconds
9700000	 events processed [83%] looptimer : Real Time = 2075.08 seconds Cpu Time = 1997.89 seconds
9750000	 events processed [83%] looptimer : Real Time = 2085.15 seconds Cpu Time = 2007.65 seconds
9800000	 events processed [84%] looptimer : Real Time = 2095.56 seconds Cpu Time = 2017.68 seconds
9850000	 events processed [84%] looptimer : Real Time = 2105.89 seconds Cpu Time = 2027.63 seconds
9900000	 events processed [85%] looptimer : Real Time = 2116.25 seconds Cpu Time = 2037.49 seconds
[32mOpening file /cdf/home/samantha/STUPLES2/StupleV7_MCPythia_Wen_we0sie_NoJetVtxCuts.root[0m
9950000	 events processed [85%] looptimer : Real Time = 2126.73 seconds Cpu Time = 2047.58 seconds
10000000	 events processed [86%] looptimer : Real Time = 2137.78 seconds Cpu Time = 2058.52 seconds
10050000	 events processed [86%] looptimer : Real Time = 2147.39 seconds Cpu Time = 2068.04 seconds
10100000	 events processed [86%] looptimer : Real Time = 2157.06 seconds Cpu Time = 2077.60 seconds
10150000	 events processed [87%] looptimer : Real Time = 2166.35 seconds Cpu Time = 2086.76 seconds
10200000	 events processed [87%] looptimer : Real Time = 2175.87 seconds Cpu Time = 2096.13 seconds
10250000	 events processed [88%] looptimer : Real Time = 2185.39 seconds Cpu Time = 2105.54 seconds
10300000	 events processed [88%] looptimer : Real Time = 2194.89 seconds Cpu Time = 2114.95 seconds
10350000	 events processed [89%] looptimer : Real Time = 2204.50 seconds Cpu Time = 2124.44 seconds
10400000	 events processed [89%] looptimer : Real Time = 2214.11 seconds Cpu Time = 2133.92 seconds
10450000	 events processed [89%] looptimer : Real Time = 2223.73 seconds Cpu Time = 2143.35 seconds
10500000	 events processed [90%] looptimer : Real Time = 2233.45 seconds Cpu Time = 2152.90 seconds
10550000	 events processed [90%] looptimer : Real Time = 2243.10 seconds Cpu Time = 2162.42 seconds
10600000	 events processed [91%] looptimer : Real Time = 2254.09 seconds Cpu Time = 2172.63 seconds
10650000	 events processed [91%] looptimer : Real Time = 2263.40 seconds Cpu Time = 2181.79 seconds
10700000	 events processed [92%] looptimer : Real Time = 2272.67 seconds Cpu Time = 2190.97 seconds
10750000	 events processed [92%] looptimer : Real Time = 2282.69 seconds Cpu Time = 2200.27 seconds
10800000	 events processed [92%] looptimer : Real Time = 2293.29 seconds Cpu Time = 2210.72 seconds
10850000	 events processed [93%] looptimer : Real Time = 2302.76 seconds Cpu Time = 2220.06 seconds
10900000	 events processed [93%] looptimer : Real Time = 2312.71 seconds Cpu Time = 2229.88 seconds
10950000	 events processed [94%] looptimer : Real Time = 2321.08 seconds Cpu Time = 2238.14 seconds
11000000	 events processed [94%] looptimer : Real Time = 2331.53 seconds Cpu Time = 2248.45 seconds
11050000	 events processed [95%] looptimer : Real Time = 2340.93 seconds Cpu Time = 2257.77 seconds
11100000	 events processed [95%] looptimer : Real Time = 2350.26 seconds Cpu Time = 2267.01 seconds
11150000	 events processed [95%] looptimer : Real Time = 2359.66 seconds Cpu Time = 2276.33 seconds
11200000	 events processed [96%] looptimer : Real Time = 2369.19 seconds Cpu Time = 2285.72 seconds
11250000	 events processed [96%] looptimer : Real Time = 2378.80 seconds Cpu Time = 2295.18 seconds
11300000	 events processed [97%] looptimer : Real Time = 2388.54 seconds Cpu Time = 2304.79 seconds
11350000	 events processed [97%] looptimer : Real Time = 2399.75 seconds Cpu Time = 2315.89 seconds
11400000	 events processed [98%] looptimer : Real Time = 2409.68 seconds Cpu Time = 2325.25 seconds
11450000	 events processed [98%] looptimer : Real Time = 2419.01 seconds Cpu Time = 2334.50 seconds
11500000	 events processed [98%] looptimer : Real Time = 2428.40 seconds Cpu Time = 2343.81 seconds
11550000	 events processed [99%] looptimer : Real Time = 2437.89 seconds Cpu Time = 2353.23 seconds
11600000	 events processed [99%] looptimer : Real Time = 2447.48 seconds Cpu Time = 2362.71 seconds
[32m
@@@@@@@@@@@@@@@@@@@@@@@@@@@@@@@@@@@@@@@@@@@@@@@@@@@@@@@@@@@@@@@@@@@[0m
[32m>>>>>>>>>>> Requested events processed. Doing final calculations..[0m
[32m@@@@@@@@@@@@@@@@@@@@@@@@@@@@@@@@@@@@@@@@@@@@@@@@@@@@@@@@@@@@@@@@@@@
[0m
[35m======== PhotonJets =======================
Entries found    = 11625289
Entries request  = 0 (0%)
Events Processed = 11625289 (100%)
Ele./Pho Events  = 34637
Ele Events       = 11108255
Pho Events       = 482397
Other Events     = 0
First400 Events  = 0
sum Events       = 11625289
[31m__________________________________________
Data Written to        = PhoJets_wenmc_MetCleaned.root
Add Iso4(2) to QCD Pho = 0 (NO)
Reweight Sideband Pho  = 0 (NO)
MC Flag setting        = MC
min,max Vtx for Signal =    1,  100
Min,max njet15         =    1,  100
Photon Et(min,max)     =   30,  1200
Photon Eta(max)        =  1.1
Jet Et(min,max)        =   15, 1200
Jet Eta (min,max)      =   -3,    3
Signal Time Window     = -4.8,  4.8
Cosmic Time Window     =   30,   90
Halo Type              =    5
Min/max MEt            =    0, 1500
MEt cleanup cuts?      =    1 (1=YES)
Nvtx setting           = 1
Nvtx Weighting?        = CENTRAL WEIGHTS
PrintLevel             =    6
Rejected Events        =      0 (0%)
-------------- CENTRAL --------------------- 
Pho Evts               = 49849
Pho+>=1Jet Evts        = 9696
Pho+>=2Jet Evts        = 1197
-------------- EM/JES UP ------------------- 
Pho Evts               = 49906
Pho+>=1Jet Evts        = 10061
Pho+>=2Jet Evts        = 1398
-------------- EM/JES DOWN ----------------- 
Pho Evts               = 49906
Pho+>=1Jet Evts        = 8485
Pho+>=2Jet Evts        = 935
-------------- SIDEBAND -------------------- 
Pho Evts               = 47716
Pho+>=1Jet Evts        = 6555
Pho+>=2Jet Evts        = 845
[36mData Written to        = PhoJets_wenmc_MetCleaned.root[0m
======= END PhotonJets ====================
phoana_time: Real Time = 2488.82 seconds Cpu Time = 2401.94 seconds
