  *******************************************
  *                                         *
  *        W E L C O M E  to  R O O T       *
  *                                         *
  *   Version   5.26/00  14 December 2009   *
  *                                         *
  *  You are welcome to visit our Web site  *
  *          http://root.cern.ch            *
  *                                         *
  *******************************************

ROOT 5.26/00 (trunk@31882, Dec 14 2009, 20:18:36 on linux)

CINT/ROOT C/C++ Interpreter version 5.17.00, Dec 21, 2008
Type ? for help. Commands must be C++ statements.
Enclose multiple statements between { }.
Note: File "iostream" already loaded
Loading /cdf/home/samantha/samantha/PhoFlat/rootlogon.C

Processing RunMyJob.C(0,7)...
events, dataset = 0,7
OUT_FILE = PhoJets_wmnmc_Met20Cleaned.root
[34m
Using V7 WMN MC
Attached data file: TFile: name=/cdf/home/samantha/STUPLES2/StupleV7_MCPythia_Wmn_we0s7m_NoJetVtxCuts.root, title=chain files, option=READ
Attached data file: TFile: name=/cdf/home/samantha/STUPLES2/StupleV7_MCPythia_Wmn_we0s8m_NoJetVtxCuts.root, title=chain files, option=READ
Attached data file: TFile: name=/cdf/home/samantha/STUPLES2/StupleV7_MCPythia_Wmn_we0s9m_NoJetVtxCuts.root, title=chain files, option=READ
Attached data file: TFile: name=/cdf/home/samantha/STUPLES2/StupleV7_MCPythia_Wmn_we0sam_NoJetVtxCuts.root, title=chain files, option=READ
Attached data file: TFile: name=/cdf/home/samantha/STUPLES2/StupleV7_MCPythia_Wmn_we0sbm_NoJetVtxCuts.root, title=chain files, option=READ
Attached data file: TFile: name=/cdf/home/samantha/STUPLES2/StupleV7_MCPythia_Wmn_we0sgm_NoJetVtxCuts.root, title=chain files, option=READ
/cdf/home/samantha/samantha/PhoFlat/DoRunMyJob.cc: Total Entries in chain = 62342[0m
ADD_ISO_2_SIDEBAND = 0
REWGT_SIDEBAND = 0
iUseNvtxWgts = 1
Setting from hh = 1
Enabling Central Photons Read-in.
Enabling EM UP Photons Read-in.
Enabling EM DOWN Photons Read-in.
Enabling Central Electrons Read-in.
Enabling EM UP Electrons Read-in.
Enabling EM Down Electrons Read-in.
Enabling Central Jets to Read-in.
Enabling JES Up Jets to Read-in.
Enabling JES Down Jets to Read-in.
Enabling MET to Read-in.
pho_num status=1
pho_up_num status=1
pho_down_num status=1
[32m======= Nvtx weights ===========
Nvtx 1 = 0.569584
Nvtx 2 = 0.823644
Nvtx 3 = 2.2337
Nvtx 4 = 2.53752
================================[0m
PhoJets_wmnmc_Met20Cleaned.root:/Hist
[33m******* Job Settings ***********
Data Written to        = PhoJets_wmnmc_Met20Cleaned.root
Add Iso4(2) to QCD Pho = 0 (NO)
Reweight Sideband Pho  = 0 (NO)
MC Flag setting        = MC
min,max Vtx for Signal =    1,  100
Min,max njet15         =    1,  100
Photon Et(min,max)     =   30,  1200
Photon Eta(max)        =  1.1
Jet Et(min,max)        =   15, 1200
Jet Eta (min,max)      =   -3,    3
Signal Time Window     = -4.8,  4.8
Cosmic Time Window     =   30,   90
Halo Type              =    5
Min/max MEt            =   20, 1500
MEt cleanup cuts?      =    1 (1=YES)
Nvtx setting           = 1
Nvtx Weighting?        = CENTRAL WEIGHTS
PrintLevel             =    6
********************************[0m
 ==> Entries found :: 62342
Init done. Ready, Set , GO... 
[32mOpening file /cdf/home/samantha/STUPLES2/StupleV7_MCPythia_Wmn_we0s7m_NoJetVtxCuts.root[0m
[32mOpening file /cdf/home/samantha/STUPLES2/StupleV7_MCPythia_Wmn_we0s8m_NoJetVtxCuts.root[0m
[32mOpening file /cdf/home/samantha/STUPLES2/StupleV7_MCPythia_Wmn_we0s9m_NoJetVtxCuts.root[0m
[32mOpening file /cdf/home/samantha/STUPLES2/StupleV7_MCPythia_Wmn_we0sam_NoJetVtxCuts.root[0m
50000	 events processed [80%] looptimer : Real Time =  21.72 seconds Cpu Time =  20.92 seconds
[32mOpening file /cdf/home/samantha/STUPLES2/StupleV7_MCPythia_Wmn_we0sbm_NoJetVtxCuts.root[0m
[32mOpening file /cdf/home/samantha/STUPLES2/StupleV7_MCPythia_Wmn_we0sgm_NoJetVtxCuts.root[0m
[32m
@@@@@@@@@@@@@@@@@@@@@@@@@@@@@@@@@@@@@@@@@@@@@@@@@@@@@@@@@@@@@@@@@@@[0m
[32m>>>>>>>>>>> Requested events processed. Doing final calculations..[0m
[32m@@@@@@@@@@@@@@@@@@@@@@@@@@@@@@@@@@@@@@@@@@@@@@@@@@@@@@@@@@@@@@@@@@@
[0m
[35m======== PhotonJets =======================
Entries found    = 62342
Entries request  = 0 (0%)
Events Processed = 62342 (100%)
Ele./Pho Events  = 61
Ele Events       = 18083
Pho Events       = 44198
Other Events     = 0
First400 Events  = 0
sum Events       = 62342
[31m__________________________________________
Data Written to        = PhoJets_wmnmc_Met20Cleaned.root
Add Iso4(2) to QCD Pho = 0 (NO)
Reweight Sideband Pho  = 0 (NO)
MC Flag setting        = MC
min,max Vtx for Signal =    1,  100
Min,max njet15         =    1,  100
Photon Et(min,max)     =   30,  1200
Photon Eta(max)        =  1.1
Jet Et(min,max)        =   15, 1200
Jet Eta (min,max)      =   -3,    3
Signal Time Window     = -4.8,  4.8
Cosmic Time Window     =   30,   90
Halo Type              =    5
Min/max MEt            =   20, 1500
MEt cleanup cuts?      =    1 (1=YES)
Nvtx setting           = 1
Nvtx Weighting?        = CENTRAL WEIGHTS
PrintLevel             =    6
Rejected Events        =      0 (0%)
-------------- CENTRAL --------------------- 
Pho Evts               = 7773
Pho+>=1Jet Evts        = 1048
Pho+>=2Jet Evts        = 129
-------------- EM/JES UP ------------------- 
Pho Evts               = 7780
Pho+>=1Jet Evts        = 1194
Pho+>=2Jet Evts        = 177
-------------- EM/JES DOWN ----------------- 
Pho Evts               = 7780
Pho+>=1Jet Evts        = 952
Pho+>=2Jet Evts        = 106
-------------- SIDEBAND -------------------- 
Pho Evts               = 2105
Pho+>=1Jet Evts        = 308
Pho+>=2Jet Evts        = 36
[36mData Written to        = PhoJets_wmnmc_Met20Cleaned.root[0m
======= END PhotonJets ====================
phoana_time: Real Time =  82.26 seconds Cpu Time =  76.82 seconds
